Created by PLY version 3.11 (http://www.dabeaz.com/ply)

Unused terminals:

    ALL
    DISJOINTCLASSES
    DISJOINTWITH
    EXACTLY
    IDENTIFICADOR_INDIVIDUO
    INDIVIDUALS
    MAX
    NOT
    SUBCLASSOF
    THAT

Grammar

Rule 0     S' -> ontologia
Rule 1     ontologia -> declaracao_classe_definida
Rule 2     ontologia -> ontologia declaracao_classe_definida
Rule 3     declaracao_classe_definida -> CLASS IDENTIFICADOR_CLASSE EQUIVALENTTO tipo_classe_definida
Rule 4     tipo_classe_definida -> classe_enumerada
Rule 5     tipo_classe_definida -> classe_coberta
Rule 6     tipo_classe_definida -> classe_aninhada
Rule 7     classe_enumerada -> SIMBOLO_ESPECIAL identificadores_classe_sequencia SIMBOLO_ESPECIAL
Rule 8     classe_coberta -> identificadores_classe_sequencia
Rule 9     classe_aninhada -> IDENTIFICADOR_CLASSE AND aninhamento
Rule 10    aninhamento -> conteudo_aninhamento
Rule 11    aninhamento -> LPAREN conteudo_aninhamento OR conteudo_aninhamento RPAREN
Rule 12    aninhamento -> LPAREN aninhamento RPAREN
Rule 13    aninhamento -> conteudo_aninhamento AND aninhamento
Rule 14    conteudo_aninhamento -> LPAREN IDENTIFICADOR_PROPRIEDADE restricao_propriedade conteudo_aninhamento_pos RPAREN
Rule 15    conteudo_aninhamento -> LPAREN IDENTIFICADOR_PROPRIEDADE MIN CARDINALIDADE conteudo_aninhamento_pos RPAREN
Rule 16    conteudo_aninhamento -> LPAREN IDENTIFICADOR_PROPRIEDADE restricao_propriedade conteudo_aninhamento RPAREN
Rule 17    conteudo_aninhamento_pos -> IDENTIFICADOR_CLASSE
Rule 18    conteudo_aninhamento_pos -> NAMESPACE TIPO_DADO
Rule 19    conteudo_aninhamento_pos -> LPAREN identificadores_classe_or RPAREN
Rule 20    conteudo_aninhamento_pos -> NAMESPACE TIPO_DADO SIMBOLO_ESPECIAL operador_relacional cardinalidade_com_sem_aspas_simples SIMBOLO_ESPECIAL
Rule 21    operador_relacional -> MAIOR
Rule 22    operador_relacional -> MENOR
Rule 23    operador_relacional -> MAIORIGUAL
Rule 24    operador_relacional -> MENORIGUAL
Rule 25    cardinalidade_com_sem_aspas_simples -> CARDINALIDADE
Rule 26    cardinalidade_com_sem_aspas_simples -> SIMBOLO_ESPECIAL CARDINALIDADE SIMBOLO_ESPECIAL
Rule 27    identificadores_classe_sequencia -> IDENTIFICADOR_CLASSE
Rule 28    identificadores_classe_sequencia -> identificadores_classe_sequencia SIMBOLO_ESPECIAL IDENTIFICADOR_CLASSE
Rule 29    identificadores_classe_or -> IDENTIFICADOR_CLASSE
Rule 30    identificadores_classe_or -> identificadores_classe_or OR IDENTIFICADOR_CLASSE
Rule 31    restricao_propriedade -> ONLY
Rule 32    restricao_propriedade -> SOME
Rule 33    restricao_propriedade -> VALUE

Terminals, with rules where they appear

ALL                  : 
AND                  : 9 13
CARDINALIDADE        : 15 25 26
CLASS                : 3
DISJOINTCLASSES      : 
DISJOINTWITH         : 
EQUIVALENTTO         : 3
EXACTLY              : 
IDENTIFICADOR_CLASSE : 3 9 17 27 28 29 30
IDENTIFICADOR_INDIVIDUO : 
IDENTIFICADOR_PROPRIEDADE : 14 15 16
INDIVIDUALS          : 
LPAREN               : 11 12 14 15 16 19
MAIOR                : 21
MAIORIGUAL           : 23
MAX                  : 
MENOR                : 22
MENORIGUAL           : 24
MIN                  : 15
NAMESPACE            : 18 20
NOT                  : 
ONLY                 : 31
OR                   : 11 30
RPAREN               : 11 12 14 15 16 19
SIMBOLO_ESPECIAL     : 7 7 20 20 26 26 28
SOME                 : 32
SUBCLASSOF           : 
THAT                 : 
TIPO_DADO            : 18 20
VALUE                : 33
error                : 

Nonterminals, with rules where they appear

aninhamento          : 9 12 13
cardinalidade_com_sem_aspas_simples : 20
classe_aninhada      : 6
classe_coberta       : 5
classe_enumerada     : 4
conteudo_aninhamento : 10 11 11 13 16
conteudo_aninhamento_pos : 14 15
declaracao_classe_definida : 1 2
identificadores_classe_or : 19 30
identificadores_classe_sequencia : 7 8 28
ontologia            : 2 0
operador_relacional  : 20
restricao_propriedade : 14 16
tipo_classe_definida : 3

Parsing method: LALR

state 0

    (0) S' -> . ontologia
    (1) ontologia -> . declaracao_classe_definida
    (2) ontologia -> . ontologia declaracao_classe_definida
    (3) declaracao_classe_definida -> . CLASS IDENTIFICADOR_CLASSE EQUIVALENTTO tipo_classe_definida

    CLASS           shift and go to state 3

    ontologia                      shift and go to state 1
    declaracao_classe_definida     shift and go to state 2

state 1

    (0) S' -> ontologia .
    (2) ontologia -> ontologia . declaracao_classe_definida
    (3) declaracao_classe_definida -> . CLASS IDENTIFICADOR_CLASSE EQUIVALENTTO tipo_classe_definida

    CLASS           shift and go to state 3

    declaracao_classe_definida     shift and go to state 4

state 2

    (1) ontologia -> declaracao_classe_definida .

    CLASS           reduce using rule 1 (ontologia -> declaracao_classe_definida .)
    $end            reduce using rule 1 (ontologia -> declaracao_classe_definida .)


state 3

    (3) declaracao_classe_definida -> CLASS . IDENTIFICADOR_CLASSE EQUIVALENTTO tipo_classe_definida

    IDENTIFICADOR_CLASSE shift and go to state 5


state 4

    (2) ontologia -> ontologia declaracao_classe_definida .

    CLASS           reduce using rule 2 (ontologia -> ontologia declaracao_classe_definida .)
    $end            reduce using rule 2 (ontologia -> ontologia declaracao_classe_definida .)


state 5

    (3) declaracao_classe_definida -> CLASS IDENTIFICADOR_CLASSE . EQUIVALENTTO tipo_classe_definida

    EQUIVALENTTO    shift and go to state 6


state 6

    (3) declaracao_classe_definida -> CLASS IDENTIFICADOR_CLASSE EQUIVALENTTO . tipo_classe_definida
    (4) tipo_classe_definida -> . classe_enumerada
    (5) tipo_classe_definida -> . classe_coberta
    (6) tipo_classe_definida -> . classe_aninhada
    (7) classe_enumerada -> . SIMBOLO_ESPECIAL identificadores_classe_sequencia SIMBOLO_ESPECIAL
    (8) classe_coberta -> . identificadores_classe_sequencia
    (9) classe_aninhada -> . IDENTIFICADOR_CLASSE AND aninhamento
    (27) identificadores_classe_sequencia -> . IDENTIFICADOR_CLASSE
    (28) identificadores_classe_sequencia -> . identificadores_classe_sequencia SIMBOLO_ESPECIAL IDENTIFICADOR_CLASSE

    SIMBOLO_ESPECIAL shift and go to state 12
    IDENTIFICADOR_CLASSE shift and go to state 7

    tipo_classe_definida           shift and go to state 8
    classe_enumerada               shift and go to state 9
    classe_coberta                 shift and go to state 10
    classe_aninhada                shift and go to state 11
    identificadores_classe_sequencia shift and go to state 13

state 7

    (9) classe_aninhada -> IDENTIFICADOR_CLASSE . AND aninhamento
    (27) identificadores_classe_sequencia -> IDENTIFICADOR_CLASSE .

    AND             shift and go to state 14
    SIMBOLO_ESPECIAL reduce using rule 27 (identificadores_classe_sequencia -> IDENTIFICADOR_CLASSE .)
    CLASS           reduce using rule 27 (identificadores_classe_sequencia -> IDENTIFICADOR_CLASSE .)
    $end            reduce using rule 27 (identificadores_classe_sequencia -> IDENTIFICADOR_CLASSE .)


state 8

    (3) declaracao_classe_definida -> CLASS IDENTIFICADOR_CLASSE EQUIVALENTTO tipo_classe_definida .

    CLASS           reduce using rule 3 (declaracao_classe_definida -> CLASS IDENTIFICADOR_CLASSE EQUIVALENTTO tipo_classe_definida .)
    $end            reduce using rule 3 (declaracao_classe_definida -> CLASS IDENTIFICADOR_CLASSE EQUIVALENTTO tipo_classe_definida .)


state 9

    (4) tipo_classe_definida -> classe_enumerada .

    CLASS           reduce using rule 4 (tipo_classe_definida -> classe_enumerada .)
    $end            reduce using rule 4 (tipo_classe_definida -> classe_enumerada .)


state 10

    (5) tipo_classe_definida -> classe_coberta .

    CLASS           reduce using rule 5 (tipo_classe_definida -> classe_coberta .)
    $end            reduce using rule 5 (tipo_classe_definida -> classe_coberta .)


state 11

    (6) tipo_classe_definida -> classe_aninhada .

    CLASS           reduce using rule 6 (tipo_classe_definida -> classe_aninhada .)
    $end            reduce using rule 6 (tipo_classe_definida -> classe_aninhada .)


state 12

    (7) classe_enumerada -> SIMBOLO_ESPECIAL . identificadores_classe_sequencia SIMBOLO_ESPECIAL
    (27) identificadores_classe_sequencia -> . IDENTIFICADOR_CLASSE
    (28) identificadores_classe_sequencia -> . identificadores_classe_sequencia SIMBOLO_ESPECIAL IDENTIFICADOR_CLASSE

    IDENTIFICADOR_CLASSE shift and go to state 16

    identificadores_classe_sequencia shift and go to state 15

state 13

    (8) classe_coberta -> identificadores_classe_sequencia .
    (28) identificadores_classe_sequencia -> identificadores_classe_sequencia . SIMBOLO_ESPECIAL IDENTIFICADOR_CLASSE

    CLASS           reduce using rule 8 (classe_coberta -> identificadores_classe_sequencia .)
    $end            reduce using rule 8 (classe_coberta -> identificadores_classe_sequencia .)
    SIMBOLO_ESPECIAL shift and go to state 17


state 14

    (9) classe_aninhada -> IDENTIFICADOR_CLASSE AND . aninhamento
    (10) aninhamento -> . conteudo_aninhamento
    (11) aninhamento -> . LPAREN conteudo_aninhamento OR conteudo_aninhamento RPAREN
    (12) aninhamento -> . LPAREN aninhamento RPAREN
    (13) aninhamento -> . conteudo_aninhamento AND aninhamento
    (14) conteudo_aninhamento -> . LPAREN IDENTIFICADOR_PROPRIEDADE restricao_propriedade conteudo_aninhamento_pos RPAREN
    (15) conteudo_aninhamento -> . LPAREN IDENTIFICADOR_PROPRIEDADE MIN CARDINALIDADE conteudo_aninhamento_pos RPAREN
    (16) conteudo_aninhamento -> . LPAREN IDENTIFICADOR_PROPRIEDADE restricao_propriedade conteudo_aninhamento RPAREN

    LPAREN          shift and go to state 20

    aninhamento                    shift and go to state 18
    conteudo_aninhamento           shift and go to state 19

state 15

    (7) classe_enumerada -> SIMBOLO_ESPECIAL identificadores_classe_sequencia . SIMBOLO_ESPECIAL
    (28) identificadores_classe_sequencia -> identificadores_classe_sequencia . SIMBOLO_ESPECIAL IDENTIFICADOR_CLASSE

    SIMBOLO_ESPECIAL shift and go to state 21


state 16

    (27) identificadores_classe_sequencia -> IDENTIFICADOR_CLASSE .

    SIMBOLO_ESPECIAL reduce using rule 27 (identificadores_classe_sequencia -> IDENTIFICADOR_CLASSE .)


state 17

    (28) identificadores_classe_sequencia -> identificadores_classe_sequencia SIMBOLO_ESPECIAL . IDENTIFICADOR_CLASSE

    IDENTIFICADOR_CLASSE shift and go to state 22


state 18

    (9) classe_aninhada -> IDENTIFICADOR_CLASSE AND aninhamento .

    CLASS           reduce using rule 9 (classe_aninhada -> IDENTIFICADOR_CLASSE AND aninhamento .)
    $end            reduce using rule 9 (classe_aninhada -> IDENTIFICADOR_CLASSE AND aninhamento .)


state 19

    (10) aninhamento -> conteudo_aninhamento .
    (13) aninhamento -> conteudo_aninhamento . AND aninhamento

    CLASS           reduce using rule 10 (aninhamento -> conteudo_aninhamento .)
    $end            reduce using rule 10 (aninhamento -> conteudo_aninhamento .)
    RPAREN          reduce using rule 10 (aninhamento -> conteudo_aninhamento .)
    AND             shift and go to state 23


state 20

    (11) aninhamento -> LPAREN . conteudo_aninhamento OR conteudo_aninhamento RPAREN
    (12) aninhamento -> LPAREN . aninhamento RPAREN
    (14) conteudo_aninhamento -> LPAREN . IDENTIFICADOR_PROPRIEDADE restricao_propriedade conteudo_aninhamento_pos RPAREN
    (15) conteudo_aninhamento -> LPAREN . IDENTIFICADOR_PROPRIEDADE MIN CARDINALIDADE conteudo_aninhamento_pos RPAREN
    (16) conteudo_aninhamento -> LPAREN . IDENTIFICADOR_PROPRIEDADE restricao_propriedade conteudo_aninhamento RPAREN
    (14) conteudo_aninhamento -> . LPAREN IDENTIFICADOR_PROPRIEDADE restricao_propriedade conteudo_aninhamento_pos RPAREN
    (15) conteudo_aninhamento -> . LPAREN IDENTIFICADOR_PROPRIEDADE MIN CARDINALIDADE conteudo_aninhamento_pos RPAREN
    (16) conteudo_aninhamento -> . LPAREN IDENTIFICADOR_PROPRIEDADE restricao_propriedade conteudo_aninhamento RPAREN
    (10) aninhamento -> . conteudo_aninhamento
    (11) aninhamento -> . LPAREN conteudo_aninhamento OR conteudo_aninhamento RPAREN
    (12) aninhamento -> . LPAREN aninhamento RPAREN
    (13) aninhamento -> . conteudo_aninhamento AND aninhamento

    IDENTIFICADOR_PROPRIEDADE shift and go to state 27
    LPAREN          shift and go to state 24

    conteudo_aninhamento           shift and go to state 25
    aninhamento                    shift and go to state 26

state 21

    (7) classe_enumerada -> SIMBOLO_ESPECIAL identificadores_classe_sequencia SIMBOLO_ESPECIAL .
    (28) identificadores_classe_sequencia -> identificadores_classe_sequencia SIMBOLO_ESPECIAL . IDENTIFICADOR_CLASSE

    CLASS           reduce using rule 7 (classe_enumerada -> SIMBOLO_ESPECIAL identificadores_classe_sequencia SIMBOLO_ESPECIAL .)
    $end            reduce using rule 7 (classe_enumerada -> SIMBOLO_ESPECIAL identificadores_classe_sequencia SIMBOLO_ESPECIAL .)
    IDENTIFICADOR_CLASSE shift and go to state 22


state 22

    (28) identificadores_classe_sequencia -> identificadores_classe_sequencia SIMBOLO_ESPECIAL IDENTIFICADOR_CLASSE .

    SIMBOLO_ESPECIAL reduce using rule 28 (identificadores_classe_sequencia -> identificadores_classe_sequencia SIMBOLO_ESPECIAL IDENTIFICADOR_CLASSE .)
    CLASS           reduce using rule 28 (identificadores_classe_sequencia -> identificadores_classe_sequencia SIMBOLO_ESPECIAL IDENTIFICADOR_CLASSE .)
    $end            reduce using rule 28 (identificadores_classe_sequencia -> identificadores_classe_sequencia SIMBOLO_ESPECIAL IDENTIFICADOR_CLASSE .)


state 23

    (13) aninhamento -> conteudo_aninhamento AND . aninhamento
    (10) aninhamento -> . conteudo_aninhamento
    (11) aninhamento -> . LPAREN conteudo_aninhamento OR conteudo_aninhamento RPAREN
    (12) aninhamento -> . LPAREN aninhamento RPAREN
    (13) aninhamento -> . conteudo_aninhamento AND aninhamento
    (14) conteudo_aninhamento -> . LPAREN IDENTIFICADOR_PROPRIEDADE restricao_propriedade conteudo_aninhamento_pos RPAREN
    (15) conteudo_aninhamento -> . LPAREN IDENTIFICADOR_PROPRIEDADE MIN CARDINALIDADE conteudo_aninhamento_pos RPAREN
    (16) conteudo_aninhamento -> . LPAREN IDENTIFICADOR_PROPRIEDADE restricao_propriedade conteudo_aninhamento RPAREN

    LPAREN          shift and go to state 20

    conteudo_aninhamento           shift and go to state 19
    aninhamento                    shift and go to state 28

state 24

    (14) conteudo_aninhamento -> LPAREN . IDENTIFICADOR_PROPRIEDADE restricao_propriedade conteudo_aninhamento_pos RPAREN
    (15) conteudo_aninhamento -> LPAREN . IDENTIFICADOR_PROPRIEDADE MIN CARDINALIDADE conteudo_aninhamento_pos RPAREN
    (16) conteudo_aninhamento -> LPAREN . IDENTIFICADOR_PROPRIEDADE restricao_propriedade conteudo_aninhamento RPAREN
    (11) aninhamento -> LPAREN . conteudo_aninhamento OR conteudo_aninhamento RPAREN
    (12) aninhamento -> LPAREN . aninhamento RPAREN
    (14) conteudo_aninhamento -> . LPAREN IDENTIFICADOR_PROPRIEDADE restricao_propriedade conteudo_aninhamento_pos RPAREN
    (15) conteudo_aninhamento -> . LPAREN IDENTIFICADOR_PROPRIEDADE MIN CARDINALIDADE conteudo_aninhamento_pos RPAREN
    (16) conteudo_aninhamento -> . LPAREN IDENTIFICADOR_PROPRIEDADE restricao_propriedade conteudo_aninhamento RPAREN
    (10) aninhamento -> . conteudo_aninhamento
    (11) aninhamento -> . LPAREN conteudo_aninhamento OR conteudo_aninhamento RPAREN
    (12) aninhamento -> . LPAREN aninhamento RPAREN
    (13) aninhamento -> . conteudo_aninhamento AND aninhamento

    IDENTIFICADOR_PROPRIEDADE shift and go to state 27
    LPAREN          shift and go to state 24

    conteudo_aninhamento           shift and go to state 25
    aninhamento                    shift and go to state 26

state 25

    (11) aninhamento -> LPAREN conteudo_aninhamento . OR conteudo_aninhamento RPAREN
    (10) aninhamento -> conteudo_aninhamento .
    (13) aninhamento -> conteudo_aninhamento . AND aninhamento

    OR              shift and go to state 29
    RPAREN          reduce using rule 10 (aninhamento -> conteudo_aninhamento .)
    AND             shift and go to state 23


state 26

    (12) aninhamento -> LPAREN aninhamento . RPAREN

    RPAREN          shift and go to state 30


state 27

    (14) conteudo_aninhamento -> LPAREN IDENTIFICADOR_PROPRIEDADE . restricao_propriedade conteudo_aninhamento_pos RPAREN
    (15) conteudo_aninhamento -> LPAREN IDENTIFICADOR_PROPRIEDADE . MIN CARDINALIDADE conteudo_aninhamento_pos RPAREN
    (16) conteudo_aninhamento -> LPAREN IDENTIFICADOR_PROPRIEDADE . restricao_propriedade conteudo_aninhamento RPAREN
    (31) restricao_propriedade -> . ONLY
    (32) restricao_propriedade -> . SOME
    (33) restricao_propriedade -> . VALUE

    MIN             shift and go to state 32
    ONLY            shift and go to state 33
    SOME            shift and go to state 34
    VALUE           shift and go to state 35

    restricao_propriedade          shift and go to state 31

state 28

    (13) aninhamento -> conteudo_aninhamento AND aninhamento .

    CLASS           reduce using rule 13 (aninhamento -> conteudo_aninhamento AND aninhamento .)
    $end            reduce using rule 13 (aninhamento -> conteudo_aninhamento AND aninhamento .)
    RPAREN          reduce using rule 13 (aninhamento -> conteudo_aninhamento AND aninhamento .)


state 29

    (11) aninhamento -> LPAREN conteudo_aninhamento OR . conteudo_aninhamento RPAREN
    (14) conteudo_aninhamento -> . LPAREN IDENTIFICADOR_PROPRIEDADE restricao_propriedade conteudo_aninhamento_pos RPAREN
    (15) conteudo_aninhamento -> . LPAREN IDENTIFICADOR_PROPRIEDADE MIN CARDINALIDADE conteudo_aninhamento_pos RPAREN
    (16) conteudo_aninhamento -> . LPAREN IDENTIFICADOR_PROPRIEDADE restricao_propriedade conteudo_aninhamento RPAREN

    LPAREN          shift and go to state 36

    conteudo_aninhamento           shift and go to state 37

state 30

    (12) aninhamento -> LPAREN aninhamento RPAREN .

    CLASS           reduce using rule 12 (aninhamento -> LPAREN aninhamento RPAREN .)
    $end            reduce using rule 12 (aninhamento -> LPAREN aninhamento RPAREN .)
    RPAREN          reduce using rule 12 (aninhamento -> LPAREN aninhamento RPAREN .)


state 31

    (14) conteudo_aninhamento -> LPAREN IDENTIFICADOR_PROPRIEDADE restricao_propriedade . conteudo_aninhamento_pos RPAREN
    (16) conteudo_aninhamento -> LPAREN IDENTIFICADOR_PROPRIEDADE restricao_propriedade . conteudo_aninhamento RPAREN
    (17) conteudo_aninhamento_pos -> . IDENTIFICADOR_CLASSE
    (18) conteudo_aninhamento_pos -> . NAMESPACE TIPO_DADO
    (19) conteudo_aninhamento_pos -> . LPAREN identificadores_classe_or RPAREN
    (20) conteudo_aninhamento_pos -> . NAMESPACE TIPO_DADO SIMBOLO_ESPECIAL operador_relacional cardinalidade_com_sem_aspas_simples SIMBOLO_ESPECIAL
    (14) conteudo_aninhamento -> . LPAREN IDENTIFICADOR_PROPRIEDADE restricao_propriedade conteudo_aninhamento_pos RPAREN
    (15) conteudo_aninhamento -> . LPAREN IDENTIFICADOR_PROPRIEDADE MIN CARDINALIDADE conteudo_aninhamento_pos RPAREN
    (16) conteudo_aninhamento -> . LPAREN IDENTIFICADOR_PROPRIEDADE restricao_propriedade conteudo_aninhamento RPAREN

    IDENTIFICADOR_CLASSE shift and go to state 41
    NAMESPACE       shift and go to state 42
    LPAREN          shift and go to state 38

    conteudo_aninhamento_pos       shift and go to state 39
    conteudo_aninhamento           shift and go to state 40

state 32

    (15) conteudo_aninhamento -> LPAREN IDENTIFICADOR_PROPRIEDADE MIN . CARDINALIDADE conteudo_aninhamento_pos RPAREN

    CARDINALIDADE   shift and go to state 43


state 33

    (31) restricao_propriedade -> ONLY .

    IDENTIFICADOR_CLASSE reduce using rule 31 (restricao_propriedade -> ONLY .)
    NAMESPACE       reduce using rule 31 (restricao_propriedade -> ONLY .)
    LPAREN          reduce using rule 31 (restricao_propriedade -> ONLY .)


state 34

    (32) restricao_propriedade -> SOME .

    IDENTIFICADOR_CLASSE reduce using rule 32 (restricao_propriedade -> SOME .)
    NAMESPACE       reduce using rule 32 (restricao_propriedade -> SOME .)
    LPAREN          reduce using rule 32 (restricao_propriedade -> SOME .)


state 35

    (33) restricao_propriedade -> VALUE .

    IDENTIFICADOR_CLASSE reduce using rule 33 (restricao_propriedade -> VALUE .)
    NAMESPACE       reduce using rule 33 (restricao_propriedade -> VALUE .)
    LPAREN          reduce using rule 33 (restricao_propriedade -> VALUE .)


state 36

    (14) conteudo_aninhamento -> LPAREN . IDENTIFICADOR_PROPRIEDADE restricao_propriedade conteudo_aninhamento_pos RPAREN
    (15) conteudo_aninhamento -> LPAREN . IDENTIFICADOR_PROPRIEDADE MIN CARDINALIDADE conteudo_aninhamento_pos RPAREN
    (16) conteudo_aninhamento -> LPAREN . IDENTIFICADOR_PROPRIEDADE restricao_propriedade conteudo_aninhamento RPAREN

    IDENTIFICADOR_PROPRIEDADE shift and go to state 27


state 37

    (11) aninhamento -> LPAREN conteudo_aninhamento OR conteudo_aninhamento . RPAREN

    RPAREN          shift and go to state 44


state 38

    (19) conteudo_aninhamento_pos -> LPAREN . identificadores_classe_or RPAREN
    (14) conteudo_aninhamento -> LPAREN . IDENTIFICADOR_PROPRIEDADE restricao_propriedade conteudo_aninhamento_pos RPAREN
    (15) conteudo_aninhamento -> LPAREN . IDENTIFICADOR_PROPRIEDADE MIN CARDINALIDADE conteudo_aninhamento_pos RPAREN
    (16) conteudo_aninhamento -> LPAREN . IDENTIFICADOR_PROPRIEDADE restricao_propriedade conteudo_aninhamento RPAREN
    (29) identificadores_classe_or -> . IDENTIFICADOR_CLASSE
    (30) identificadores_classe_or -> . identificadores_classe_or OR IDENTIFICADOR_CLASSE

    IDENTIFICADOR_PROPRIEDADE shift and go to state 27
    IDENTIFICADOR_CLASSE shift and go to state 46

    identificadores_classe_or      shift and go to state 45

state 39

    (14) conteudo_aninhamento -> LPAREN IDENTIFICADOR_PROPRIEDADE restricao_propriedade conteudo_aninhamento_pos . RPAREN

    RPAREN          shift and go to state 47


state 40

    (16) conteudo_aninhamento -> LPAREN IDENTIFICADOR_PROPRIEDADE restricao_propriedade conteudo_aninhamento . RPAREN

    RPAREN          shift and go to state 48


state 41

    (17) conteudo_aninhamento_pos -> IDENTIFICADOR_CLASSE .

    RPAREN          reduce using rule 17 (conteudo_aninhamento_pos -> IDENTIFICADOR_CLASSE .)


state 42

    (18) conteudo_aninhamento_pos -> NAMESPACE . TIPO_DADO
    (20) conteudo_aninhamento_pos -> NAMESPACE . TIPO_DADO SIMBOLO_ESPECIAL operador_relacional cardinalidade_com_sem_aspas_simples SIMBOLO_ESPECIAL

    TIPO_DADO       shift and go to state 49


state 43

    (15) conteudo_aninhamento -> LPAREN IDENTIFICADOR_PROPRIEDADE MIN CARDINALIDADE . conteudo_aninhamento_pos RPAREN
    (17) conteudo_aninhamento_pos -> . IDENTIFICADOR_CLASSE
    (18) conteudo_aninhamento_pos -> . NAMESPACE TIPO_DADO
    (19) conteudo_aninhamento_pos -> . LPAREN identificadores_classe_or RPAREN
    (20) conteudo_aninhamento_pos -> . NAMESPACE TIPO_DADO SIMBOLO_ESPECIAL operador_relacional cardinalidade_com_sem_aspas_simples SIMBOLO_ESPECIAL

    IDENTIFICADOR_CLASSE shift and go to state 41
    NAMESPACE       shift and go to state 42
    LPAREN          shift and go to state 50

    conteudo_aninhamento_pos       shift and go to state 51

state 44

    (11) aninhamento -> LPAREN conteudo_aninhamento OR conteudo_aninhamento RPAREN .

    CLASS           reduce using rule 11 (aninhamento -> LPAREN conteudo_aninhamento OR conteudo_aninhamento RPAREN .)
    $end            reduce using rule 11 (aninhamento -> LPAREN conteudo_aninhamento OR conteudo_aninhamento RPAREN .)
    RPAREN          reduce using rule 11 (aninhamento -> LPAREN conteudo_aninhamento OR conteudo_aninhamento RPAREN .)


state 45

    (19) conteudo_aninhamento_pos -> LPAREN identificadores_classe_or . RPAREN
    (30) identificadores_classe_or -> identificadores_classe_or . OR IDENTIFICADOR_CLASSE

    RPAREN          shift and go to state 52
    OR              shift and go to state 53


state 46

    (29) identificadores_classe_or -> IDENTIFICADOR_CLASSE .

    RPAREN          reduce using rule 29 (identificadores_classe_or -> IDENTIFICADOR_CLASSE .)
    OR              reduce using rule 29 (identificadores_classe_or -> IDENTIFICADOR_CLASSE .)


state 47

    (14) conteudo_aninhamento -> LPAREN IDENTIFICADOR_PROPRIEDADE restricao_propriedade conteudo_aninhamento_pos RPAREN .

    AND             reduce using rule 14 (conteudo_aninhamento -> LPAREN IDENTIFICADOR_PROPRIEDADE restricao_propriedade conteudo_aninhamento_pos RPAREN .)
    CLASS           reduce using rule 14 (conteudo_aninhamento -> LPAREN IDENTIFICADOR_PROPRIEDADE restricao_propriedade conteudo_aninhamento_pos RPAREN .)
    $end            reduce using rule 14 (conteudo_aninhamento -> LPAREN IDENTIFICADOR_PROPRIEDADE restricao_propriedade conteudo_aninhamento_pos RPAREN .)
    OR              reduce using rule 14 (conteudo_aninhamento -> LPAREN IDENTIFICADOR_PROPRIEDADE restricao_propriedade conteudo_aninhamento_pos RPAREN .)
    RPAREN          reduce using rule 14 (conteudo_aninhamento -> LPAREN IDENTIFICADOR_PROPRIEDADE restricao_propriedade conteudo_aninhamento_pos RPAREN .)


state 48

    (16) conteudo_aninhamento -> LPAREN IDENTIFICADOR_PROPRIEDADE restricao_propriedade conteudo_aninhamento RPAREN .

    AND             reduce using rule 16 (conteudo_aninhamento -> LPAREN IDENTIFICADOR_PROPRIEDADE restricao_propriedade conteudo_aninhamento RPAREN .)
    CLASS           reduce using rule 16 (conteudo_aninhamento -> LPAREN IDENTIFICADOR_PROPRIEDADE restricao_propriedade conteudo_aninhamento RPAREN .)
    $end            reduce using rule 16 (conteudo_aninhamento -> LPAREN IDENTIFICADOR_PROPRIEDADE restricao_propriedade conteudo_aninhamento RPAREN .)
    OR              reduce using rule 16 (conteudo_aninhamento -> LPAREN IDENTIFICADOR_PROPRIEDADE restricao_propriedade conteudo_aninhamento RPAREN .)
    RPAREN          reduce using rule 16 (conteudo_aninhamento -> LPAREN IDENTIFICADOR_PROPRIEDADE restricao_propriedade conteudo_aninhamento RPAREN .)


state 49

    (18) conteudo_aninhamento_pos -> NAMESPACE TIPO_DADO .
    (20) conteudo_aninhamento_pos -> NAMESPACE TIPO_DADO . SIMBOLO_ESPECIAL operador_relacional cardinalidade_com_sem_aspas_simples SIMBOLO_ESPECIAL

    RPAREN          reduce using rule 18 (conteudo_aninhamento_pos -> NAMESPACE TIPO_DADO .)
    SIMBOLO_ESPECIAL shift and go to state 54


state 50

    (19) conteudo_aninhamento_pos -> LPAREN . identificadores_classe_or RPAREN
    (29) identificadores_classe_or -> . IDENTIFICADOR_CLASSE
    (30) identificadores_classe_or -> . identificadores_classe_or OR IDENTIFICADOR_CLASSE

    IDENTIFICADOR_CLASSE shift and go to state 46

    identificadores_classe_or      shift and go to state 45

state 51

    (15) conteudo_aninhamento -> LPAREN IDENTIFICADOR_PROPRIEDADE MIN CARDINALIDADE conteudo_aninhamento_pos . RPAREN

    RPAREN          shift and go to state 55


state 52

    (19) conteudo_aninhamento_pos -> LPAREN identificadores_classe_or RPAREN .

    RPAREN          reduce using rule 19 (conteudo_aninhamento_pos -> LPAREN identificadores_classe_or RPAREN .)


state 53

    (30) identificadores_classe_or -> identificadores_classe_or OR . IDENTIFICADOR_CLASSE

    IDENTIFICADOR_CLASSE shift and go to state 56


state 54

    (20) conteudo_aninhamento_pos -> NAMESPACE TIPO_DADO SIMBOLO_ESPECIAL . operador_relacional cardinalidade_com_sem_aspas_simples SIMBOLO_ESPECIAL
    (21) operador_relacional -> . MAIOR
    (22) operador_relacional -> . MENOR
    (23) operador_relacional -> . MAIORIGUAL
    (24) operador_relacional -> . MENORIGUAL

    MAIOR           shift and go to state 58
    MENOR           shift and go to state 59
    MAIORIGUAL      shift and go to state 60
    MENORIGUAL      shift and go to state 61

    operador_relacional            shift and go to state 57

state 55

    (15) conteudo_aninhamento -> LPAREN IDENTIFICADOR_PROPRIEDADE MIN CARDINALIDADE conteudo_aninhamento_pos RPAREN .

    AND             reduce using rule 15 (conteudo_aninhamento -> LPAREN IDENTIFICADOR_PROPRIEDADE MIN CARDINALIDADE conteudo_aninhamento_pos RPAREN .)
    CLASS           reduce using rule 15 (conteudo_aninhamento -> LPAREN IDENTIFICADOR_PROPRIEDADE MIN CARDINALIDADE conteudo_aninhamento_pos RPAREN .)
    $end            reduce using rule 15 (conteudo_aninhamento -> LPAREN IDENTIFICADOR_PROPRIEDADE MIN CARDINALIDADE conteudo_aninhamento_pos RPAREN .)
    OR              reduce using rule 15 (conteudo_aninhamento -> LPAREN IDENTIFICADOR_PROPRIEDADE MIN CARDINALIDADE conteudo_aninhamento_pos RPAREN .)
    RPAREN          reduce using rule 15 (conteudo_aninhamento -> LPAREN IDENTIFICADOR_PROPRIEDADE MIN CARDINALIDADE conteudo_aninhamento_pos RPAREN .)


state 56

    (30) identificadores_classe_or -> identificadores_classe_or OR IDENTIFICADOR_CLASSE .

    RPAREN          reduce using rule 30 (identificadores_classe_or -> identificadores_classe_or OR IDENTIFICADOR_CLASSE .)
    OR              reduce using rule 30 (identificadores_classe_or -> identificadores_classe_or OR IDENTIFICADOR_CLASSE .)


state 57

    (20) conteudo_aninhamento_pos -> NAMESPACE TIPO_DADO SIMBOLO_ESPECIAL operador_relacional . cardinalidade_com_sem_aspas_simples SIMBOLO_ESPECIAL
    (25) cardinalidade_com_sem_aspas_simples -> . CARDINALIDADE
    (26) cardinalidade_com_sem_aspas_simples -> . SIMBOLO_ESPECIAL CARDINALIDADE SIMBOLO_ESPECIAL

    CARDINALIDADE   shift and go to state 64
    SIMBOLO_ESPECIAL shift and go to state 62

    cardinalidade_com_sem_aspas_simples shift and go to state 63

state 58

    (21) operador_relacional -> MAIOR .

    CARDINALIDADE   reduce using rule 21 (operador_relacional -> MAIOR .)
    SIMBOLO_ESPECIAL reduce using rule 21 (operador_relacional -> MAIOR .)


state 59

    (22) operador_relacional -> MENOR .

    CARDINALIDADE   reduce using rule 22 (operador_relacional -> MENOR .)
    SIMBOLO_ESPECIAL reduce using rule 22 (operador_relacional -> MENOR .)


state 60

    (23) operador_relacional -> MAIORIGUAL .

    CARDINALIDADE   reduce using rule 23 (operador_relacional -> MAIORIGUAL .)
    SIMBOLO_ESPECIAL reduce using rule 23 (operador_relacional -> MAIORIGUAL .)


state 61

    (24) operador_relacional -> MENORIGUAL .

    CARDINALIDADE   reduce using rule 24 (operador_relacional -> MENORIGUAL .)
    SIMBOLO_ESPECIAL reduce using rule 24 (operador_relacional -> MENORIGUAL .)


state 62

    (26) cardinalidade_com_sem_aspas_simples -> SIMBOLO_ESPECIAL . CARDINALIDADE SIMBOLO_ESPECIAL

    CARDINALIDADE   shift and go to state 65


state 63

    (20) conteudo_aninhamento_pos -> NAMESPACE TIPO_DADO SIMBOLO_ESPECIAL operador_relacional cardinalidade_com_sem_aspas_simples . SIMBOLO_ESPECIAL

    SIMBOLO_ESPECIAL shift and go to state 66


state 64

    (25) cardinalidade_com_sem_aspas_simples -> CARDINALIDADE .

    SIMBOLO_ESPECIAL reduce using rule 25 (cardinalidade_com_sem_aspas_simples -> CARDINALIDADE .)


state 65

    (26) cardinalidade_com_sem_aspas_simples -> SIMBOLO_ESPECIAL CARDINALIDADE . SIMBOLO_ESPECIAL

    SIMBOLO_ESPECIAL shift and go to state 67


state 66

    (20) conteudo_aninhamento_pos -> NAMESPACE TIPO_DADO SIMBOLO_ESPECIAL operador_relacional cardinalidade_com_sem_aspas_simples SIMBOLO_ESPECIAL .

    RPAREN          reduce using rule 20 (conteudo_aninhamento_pos -> NAMESPACE TIPO_DADO SIMBOLO_ESPECIAL operador_relacional cardinalidade_com_sem_aspas_simples SIMBOLO_ESPECIAL .)


state 67

    (26) cardinalidade_com_sem_aspas_simples -> SIMBOLO_ESPECIAL CARDINALIDADE SIMBOLO_ESPECIAL .

    SIMBOLO_ESPECIAL reduce using rule 26 (cardinalidade_com_sem_aspas_simples -> SIMBOLO_ESPECIAL CARDINALIDADE SIMBOLO_ESPECIAL .)

